<?xml version="1.0" encoding="UTF-8"?>
<!-- Generated by org.testng.reporters.JUnitXMLReporter -->
<testsuite hostname="Ranjha-PC" ignored="0" name="Test" tests="6" failures="0" timestamp="21 Feb 2019 17:19:51 GMT" time="366.135" errors="0">
  <testcase name="createNewCustomer" time="128.943" classname="com.actitime.scripts.TaskTest"/>
  <testcase name="createproject" time="22.873" classname="com.actitime.scripts.TaskTest"/>
  <testcase name="createNewTask" time="34.141" classname="com.actitime.scripts.TaskTest"/>
  <testcase name="deleteTask" time="15.813" classname="com.actitime.scripts.TaskTest"/>
  <testcase name="deleteProject" time="21.009" classname="com.actitime.scripts.TaskTest"/>
  <testcase name="deletecustomer" time="21.374" classname="com.actitime.scripts.TaskTest"/>
</testsuite> <!-- Test -->
